# JRE version: Java(TM) SE Runtime Environment (8.0_91-b15) (build 1.8.0_91-b15)
# Java VM: Java HotSpot(TM) 64-Bit Server VM (25.91-b15 mixed mode windows-amd64 compressed oops)
Heap:
 PSYoungGen      total 232960K, used 164957K [0x00000000eab00000, 0x0000000100000000, 0x0000000100000000)
  eden space 116736K, 92% used [0x00000000eab00000,0x00000000f149f5a8,0x00000000f1d00000)
  from space 116224K, 48% used [0x00000000f1d00000,0x00000000f5477ff8,0x00000000f8e80000)
  to   space 116224K, 0% used [0x00000000f8e80000,0x00000000f8e80000,0x0000000100000000)
 ParOldGen       total 417792K, used 321862K [0x00000000c0000000, 0x00000000d9800000, 0x00000000eab00000)
  object space 417792K, 77% used [0x00000000c0000000,0x00000000d3a51810,0x00000000d9800000)
 Metaspace       used 6953K, capacity 7576K, committed 7936K, reserved 1056768K
  class space    used 641K, capacity 656K, committed 768K, reserved 1048576K
GC Heap History (10 events):
Event: 32.380 GC heap before
{Heap before GC invocations=19 (full 3):
 PSYoungGen      total 232960K, used 232952K [0x00000000eab00000, 0x0000000100000000, 0x0000000100000000)
  eden space 116736K, 100% used [0x00000000eab00000,0x00000000f1d00000,0x00000000f1d00000)
  from space 116224K, 99% used [0x00000000f1d00000,0x00000000f8e7e088,0x00000000f8e80000)
  to   space 116224K, 0% used [0x00000000f8e80000,0x00000000f8e80000,0x0000000100000000)
 ParOldGen       total 245760K, used 152735K [0x00000000c0000000, 0x00000000cf000000, 0x00000000eab00000)
  object space 245760K, 62% used [0x00000000c0000000,0x00000000c9527f80,0x00000000cf000000)
 Metaspace       used 6543K, capacity 7256K, committed 7424K, reserved 1056768K
  class space    used 624K, capacity 656K, committed 768K, reserved 1048576K
Event: 32.586 GC heap after
Heap after GC invocations=19 (full 3):
 PSYoungGen      total 232960K, used 75205K [0x00000000eab00000, 0x0000000100000000, 0x0000000100000000)
  eden space 116736K, 0% used [0x00000000eab00000,0x00000000eab00000,0x00000000f1d00000)
  from space 116224K, 64% used [0x00000000f8e80000,0x00000000fd7f1508,0x0000000100000000)
  to   space 116224K, 0% used [0x00000000f1d00000,0x00000000f1d00000,0x00000000f8e80000)
 ParOldGen       total 245760K, used 236178K [0x00000000c0000000, 0x00000000cf000000, 0x00000000eab00000)
  object space 245760K, 96% used [0x00000000c0000000,0x00000000ce6a4a40,0x00000000cf000000)
 Metaspace       used 6543K, capacity 7256K, committed 7424K, reserved 1056768K
  class space    used 624K, capacity 656K, committed 768K, reserved 1048576K
}
Event: 32.586 GC heap before
{Heap before GC invocations=20 (full 4):
 PSYoungGen      total 232960K, used 75205K [0x00000000eab00000, 0x0000000100000000, 0x0000000100000000)
  eden space 116736K, 0% used [0x00000000eab00000,0x00000000eab00000,0x00000000f1d00000)
  from space 116224K, 64% used [0x00000000f8e80000,0x00000000fd7f1508,0x0000000100000000)
  to   space 116224K, 0% used [0x00000000f1d00000,0x00000000f1d00000,0x00000000f8e80000)
 ParOldGen       total 245760K, used 236178K [0x00000000c0000000, 0x00000000cf000000, 0x00000000eab00000)
  object space 245760K, 96% used [0x00000000c0000000,0x00000000ce6a4a40,0x00000000cf000000)
 Metaspace       used 6543K, capacity 7256K, committed 7424K, reserved 1056768K
  class space    used 624K, capacity 656K, committed 768K, reserved 1048576K
Event: 38.243 GC heap after
Heap after GC invocations=20 (full 4):
 PSYoungGen      total 232960K, used 6438K [0x00000000eab00000, 0x0000000100000000, 0x0000000100000000)
  eden space 116736K, 0% used [0x00000000eab00000,0x00000000eab00000,0x00000000f1d00000)
  from space 116224K, 5% used [0x00000000f8e80000,0x00000000f94c9920,0x0000000100000000)
  to   space 116224K, 0% used [0x00000000f1d00000,0x00000000f1d00000,0x00000000f8e80000)
 ParOldGen       total 417792K, used 245288K [0x00000000c0000000, 0x00000000d9800000, 0x00000000eab00000)
  object space 417792K, 58% used [0x00000000c0000000,0x00000000cef8a260,0x00000000d9800000)
 Metaspace       used 6543K, capacity 7256K, committed 7424K, reserved 1056768K
  class space    used 624K, capacity 656K, committed 768K, reserved 1048576K
}
Event: 38.931 GC heap before
{Heap before GC invocations=21 (full 4):
 PSYoungGen      total 232960K, used 123174K [0x00000000eab00000, 0x0000000100000000, 0x0000000100000000)
  eden space 116736K, 100% used [0x00000000eab00000,0x00000000f1d00000,0x00000000f1d00000)
  from space 116224K, 5% used [0x00000000f8e80000,0x00000000f94c9920,0x0000000100000000)
  to   space 116224K, 0% used [0x00000000f1d00000,0x00000000f1d00000,0x00000000f8e80000)
 ParOldGen       total 417792K, used 245288K [0x00000000c0000000, 0x00000000d9800000, 0x00000000eab00000)
  object space 417792K, 58% used [0x00000000c0000000,0x00000000cef8a260,0x00000000d9800000)
 Metaspace       used 6544K, capacity 7256K, committed 7424K, reserved 1056768K
  class space    used 624K, capacity 656K, committed 768K, reserved 1048576K
Event: 39.346 GC heap after
Heap after GC invocations=21 (full 4):
 PSYoungGen      total 232960K, used 26364K [0x00000000eab00000, 0x0000000100000000, 0x0000000100000000)
  eden space 116736K, 0% used [0x00000000eab00000,0x00000000eab00000,0x00000000f1d00000)
  from space 116224K, 22% used [0x00000000f1d00000,0x00000000f36bf398,0x00000000f8e80000)
  to   space 116224K, 0% used [0x00000000f8e80000,0x00000000f8e80000,0x0000000100000000)
 ParOldGen       total 417792K, used 251880K [0x00000000c0000000, 0x00000000d9800000, 0x00000000eab00000)
  object space 417792K, 60% used [0x00000000c0000000,0x00000000cf5fa260,0x00000000d9800000)
 Metaspace       used 6544K, capacity 7256K, committed 7424K, reserved 1056768K
  class space    used 624K, capacity 656K, committed 768K, reserved 1048576K
}
Event: 41.127 GC heap before
{Heap before GC invocations=22 (full 4):
 PSYoungGen      total 232960K, used 143100K [0x00000000eab00000, 0x0000000100000000, 0x0000000100000000)
  eden space 116736K, 100% used [0x00000000eab00000,0x00000000f1d00000,0x00000000f1d00000)
  from space 116224K, 22% used [0x00000000f1d00000,0x00000000f36bf398,0x00000000f8e80000)
  to   space 116224K, 0% used [0x00000000f8e80000,0x00000000f8e80000,0x0000000100000000)
 ParOldGen       total 417792K, used 251880K [0x00000000c0000000, 0x00000000d9800000, 0x00000000eab00000)
  object space 417792K, 60% used [0x00000000c0000000,0x00000000cf5fa260,0x00000000d9800000)
 Metaspace       used 6551K, capacity 7256K, committed 7424K, reserved 1056768K
  class space    used 626K, capacity 656K, committed 768K, reserved 1048576K
Event: 41.491 GC heap after
Heap after GC invocations=22 (full 4):
 PSYoungGen      total 232960K, used 48425K [0x00000000eab00000, 0x0000000100000000, 0x0000000100000000)
  eden space 116736K, 0% used [0x00000000eab00000,0x00000000eab00000,0x00000000f1d00000)
  from space 116224K, 41% used [0x00000000f8e80000,0x00000000fbdca618,0x0000000100000000)
  to   space 116224K, 0% used [0x00000000f1d00000,0x00000000f1d00000,0x00000000f8e80000)
 ParOldGen       total 417792K, used 274738K [0x00000000c0000000, 0x00000000d9800000, 0x00000000eab00000)
  object space 417792K, 65% used [0x00000000c0000000,0x00000000d0c4c8e0,0x00000000d9800000)
 Metaspace       used 6551K, capacity 7256K, committed 7424K, reserved 1056768K
  class space    used 626K, capacity 656K, committed 768K, reserved 1048576K
}
Event: 42.383 GC heap before
{Heap before GC invocations=23 (full 4):
 PSYoungGen      total 232960K, used 165161K [0x00000000eab00000, 0x0000000100000000, 0x0000000100000000)
  eden space 116736K, 100% used [0x00000000eab00000,0x00000000f1d00000,0x00000000f1d00000)
  from space 116224K, 41% used [0x00000000f8e80000,0x00000000fbdca618,0x0000000100000000)
  to   space 116224K, 0% used [0x00000000f1d00000,0x00000000f1d00000,0x00000000f8e80000)
 ParOldGen       total 417792K, used 274738K [0x00000000c0000000, 0x00000000d9800000, 0x00000000eab00000)
  object space 417792K, 65% used [0x00000000c0000000,0x00000000d0c4c8e0,0x00000000d9800000)
 Metaspace       used 6551K, capacity 7256K, committed 7424K, reserved 1056768K
  class space    used 626K, capacity 656K, committed 768K, reserved 1048576K
Event: 42.843 GC heap after
Heap after GC invocations=23 (full 4):
 PSYoungGen      total 232960K, used 56799K [0x00000000eab00000, 0x0000000100000000, 0x0000000100000000)
  eden space 116736K, 0% used [0x00000000eab00000,0x00000000eab00000,0x00000000f1d00000)
  from space 116224K, 48% used [0x00000000f1d00000,0x00000000f5477ff8,0x00000000f8e80000)
  to   space 116224K, 0% used [0x00000000f8e80000,0x00000000f8e80000,0x0000000100000000)
 ParOldGen       total 417792K, used 321862K [0x00000000c0000000, 0x00000000d9800000, 0x00000000eab00000)
  object space 417792K, 77% used [0x00000000c0000000,0x00000000d3a51810,0x00000000d9800000)
 Metaspace       used 6551K, capacity 7256K, committed 7424K, reserved 1056768K
  class space    used 626K, capacity 656K, committed 768K, reserved 1048576K
}

