# JRE version: Java(TM) SE Runtime Environment (8.0_91-b15) (build 1.8.0_91-b15)
# Java VM: Java HotSpot(TM) 64-Bit Server VM (25.91-b15 mixed mode windows-amd64 compressed oops)
Heap:
 PSYoungGen      total 232448K, used 206847K [0x00000000eab00000, 0x0000000100000000, 0x0000000100000000)
  eden space 116224K, 77% used [0x00000000eab00000,0x00000000f0386b08,0x00000000f1c80000)
  from space 116224K, 99% used [0x00000000f1c80000,0x00000000f8df91e8,0x00000000f8e00000)
  to   space 116224K, 0% used [0x00000000f8e80000,0x00000000f8e80000,0x0000000100000000)
 ParOldGen       total 388096K, used 261902K [0x00000000c0000000, 0x00000000d7b00000, 0x00000000eab00000)
  object space 388096K, 67% used [0x00000000c0000000,0x00000000cffc3818,0x00000000d7b00000)
 Metaspace       used 6624K, capacity 7320K, committed 7680K, reserved 1056768K
  class space    used 630K, capacity 656K, committed 768K, reserved 1048576K
GC Heap History (10 events):
Event: 33.545 GC heap before
{Heap before GC invocations=19 (full 5):
 PSYoungGen      total 188928K, used 113664K [0x00000000eab00000, 0x00000000fd100000, 0x0000000100000000)
  eden space 113664K, 100% used [0x00000000eab00000,0x00000000f1a00000,0x00000000f1a00000)
  from space 75264K, 0% used [0x00000000f6e00000,0x00000000f6e00000,0x00000000fb780000)
  to   space 86016K, 0% used [0x00000000f1a00000,0x00000000f1a00000,0x00000000f6e00000)
 ParOldGen       total 388096K, used 203097K [0x00000000c0000000, 0x00000000d7b00000, 0x00000000eab00000)
  object space 388096K, 52% used [0x00000000c0000000,0x00000000cc656568,0x00000000d7b00000)
 Metaspace       used 6528K, capacity 7256K, committed 7424K, reserved 1056768K
  class space    used 625K, capacity 656K, committed 768K, reserved 1048576K
Event: 33.837 GC heap after
Heap after GC invocations=19 (full 5):
 PSYoungGen      total 199680K, used 48676K [0x00000000eab00000, 0x00000000fd580000, 0x0000000100000000)
  eden space 113664K, 0% used [0x00000000eab00000,0x00000000eab00000,0x00000000f1a00000)
  from space 86016K, 56% used [0x00000000f1a00000,0x00000000f4989328,0x00000000f6e00000)
  to   space 87040K, 0% used [0x00000000f8080000,0x00000000f8080000,0x00000000fd580000)
 ParOldGen       total 388096K, used 203097K [0x00000000c0000000, 0x00000000d7b00000, 0x00000000eab00000)
  object space 388096K, 52% used [0x00000000c0000000,0x00000000cc656568,0x00000000d7b00000)
 Metaspace       used 6528K, capacity 7256K, committed 7424K, reserved 1056768K
  class space    used 625K, capacity 656K, committed 768K, reserved 1048576K
}
Event: 35.222 GC heap before
{Heap before GC invocations=20 (full 5):
 PSYoungGen      total 199680K, used 162340K [0x00000000eab00000, 0x00000000fd580000, 0x0000000100000000)
  eden space 113664K, 100% used [0x00000000eab00000,0x00000000f1a00000,0x00000000f1a00000)
  from space 86016K, 56% used [0x00000000f1a00000,0x00000000f4989328,0x00000000f6e00000)
  to   space 87040K, 0% used [0x00000000f8080000,0x00000000f8080000,0x00000000fd580000)
 ParOldGen       total 388096K, used 203097K [0x00000000c0000000, 0x00000000d7b00000, 0x00000000eab00000)
  object space 388096K, 52% used [0x00000000c0000000,0x00000000cc656568,0x00000000d7b00000)
 Metaspace       used 6528K, capacity 7256K, committed 7424K, reserved 1056768K
  class space    used 625K, capacity 656K, committed 768K, reserved 1048576K
Event: 35.433 GC heap after
Heap after GC invocations=20 (full 5):
 PSYoungGen      total 200704K, used 66713K [0x00000000eab00000, 0x00000000fd580000, 0x0000000100000000)
  eden space 113664K, 0% used [0x00000000eab00000,0x00000000eab00000,0x00000000f1a00000)
  from space 87040K, 76% used [0x00000000f8080000,0x00000000fc1a64e8,0x00000000fd580000)
  to   space 86016K, 0% used [0x00000000f1a00000,0x00000000f1a00000,0x00000000f6e00000)
 ParOldGen       total 388096K, used 203097K [0x00000000c0000000, 0x00000000d7b00000, 0x00000000eab00000)
  object space 388096K, 52% used [0x00000000c0000000,0x00000000cc656568,0x00000000d7b00000)
 Metaspace       used 6528K, capacity 7256K, committed 7424K, reserved 1056768K
  class space    used 625K, capacity 656K, committed 768K, reserved 1048576K
}
Event: 36.553 GC heap before
{Heap before GC invocations=21 (full 5):
 PSYoungGen      total 200704K, used 180377K [0x00000000eab00000, 0x00000000fd580000, 0x0000000100000000)
  eden space 113664K, 100% used [0x00000000eab00000,0x00000000f1a00000,0x00000000f1a00000)
  from space 87040K, 76% used [0x00000000f8080000,0x00000000fc1a64e8,0x00000000fd580000)
  to   space 86016K, 0% used [0x00000000f1a00000,0x00000000f1a00000,0x00000000f6e00000)
 ParOldGen       total 388096K, used 203097K [0x00000000c0000000, 0x00000000d7b00000, 0x00000000eab00000)
  object space 388096K, 52% used [0x00000000c0000000,0x00000000cc656568,0x00000000d7b00000)
 Metaspace       used 6535K, capacity 7256K, committed 7424K, reserved 1056768K
  class space    used 626K, capacity 656K, committed 768K, reserved 1048576K
Event: 36.737 GC heap after
Heap after GC invocations=21 (full 5):
 PSYoungGen      total 199680K, used 72522K [0x00000000eab00000, 0x00000000ff200000, 0x0000000100000000)
  eden space 113664K, 0% used [0x00000000eab00000,0x00000000eab00000,0x00000000f1a00000)
  from space 86016K, 84% used [0x00000000f1a00000,0x00000000f60d2ac0,0x00000000f6e00000)
  to   space 102400K, 0% used [0x00000000f8e00000,0x00000000f8e00000,0x00000000ff200000)
 ParOldGen       total 388096K, used 203097K [0x00000000c0000000, 0x00000000d7b00000, 0x00000000eab00000)
  object space 388096K, 52% used [0x00000000c0000000,0x00000000cc656568,0x00000000d7b00000)
 Metaspace       used 6535K, capacity 7256K, committed 7424K, reserved 1056768K
  class space    used 626K, capacity 656K, committed 768K, reserved 1048576K
}
Event: 36.898 GC heap before
{Heap before GC invocations=22 (full 5):
 PSYoungGen      total 199680K, used 186186K [0x00000000eab00000, 0x00000000ff200000, 0x0000000100000000)
  eden space 113664K, 100% used [0x00000000eab00000,0x00000000f1a00000,0x00000000f1a00000)
  from space 86016K, 84% used [0x00000000f1a00000,0x00000000f60d2ac0,0x00000000f6e00000)
  to   space 102400K, 0% used [0x00000000f8e00000,0x00000000f8e00000,0x00000000ff200000)
 ParOldGen       total 388096K, used 203097K [0x00000000c0000000, 0x00000000d7b00000, 0x00000000eab00000)
  object space 388096K, 52% used [0x00000000c0000000,0x00000000cc656568,0x00000000d7b00000)
 Metaspace       used 6535K, capacity 7256K, committed 7424K, reserved 1056768K
  class space    used 626K, capacity 656K, committed 768K, reserved 1048576K
Event: 37.365 GC heap after
Heap after GC invocations=22 (full 5):
 PSYoungGen      total 218624K, used 102376K [0x00000000eab00000, 0x0000000100000000, 0x0000000100000000)
  eden space 116224K, 0% used [0x00000000eab00000,0x00000000eab00000,0x00000000f1c80000)
  from space 102400K, 99% used [0x00000000f8e00000,0x00000000ff1fa338,0x00000000ff200000)
  to   space 116224K, 0% used [0x00000000f1c80000,0x00000000f1c80000,0x00000000f8e00000)
 ParOldGen       total 388096K, used 237121K [0x00000000c0000000, 0x00000000d7b00000, 0x00000000eab00000)
  object space 388096K, 61% used [0x00000000c0000000,0x00000000ce790568,0x00000000d7b00000)
 Metaspace       used 6535K, capacity 7256K, committed 7424K, reserved 1056768K
  class space    used 626K, capacity 656K, committed 768K, reserved 1048576K
}
Event: 38.415 GC heap before
{Heap before GC invocations=23 (full 5):
 PSYoungGen      total 218624K, used 218600K [0x00000000eab00000, 0x0000000100000000, 0x0000000100000000)
  eden space 116224K, 100% used [0x00000000eab00000,0x00000000f1c80000,0x00000000f1c80000)
  from space 102400K, 99% used [0x00000000f8e00000,0x00000000ff1fa338,0x00000000ff200000)
  to   space 116224K, 0% used [0x00000000f1c80000,0x00000000f1c80000,0x00000000f8e00000)
 ParOldGen       total 388096K, used 237121K [0x00000000c0000000, 0x00000000d7b00000, 0x00000000eab00000)
  object space 388096K, 61% used [0x00000000c0000000,0x00000000ce790568,0x00000000d7b00000)
 Metaspace       used 6535K, capacity 7256K, committed 7424K, reserved 1056768K
  class space    used 626K, capacity 656K, committed 768K, reserved 1048576K
Event: 38.918 GC heap after
Heap after GC invocations=23 (full 5):
 PSYoungGen      total 232448K, used 116196K [0x00000000eab00000, 0x0000000100000000, 0x0000000100000000)
  eden space 116224K, 0% used [0x00000000eab00000,0x00000000eab00000,0x00000000f1c80000)
  from space 116224K, 99% used [0x00000000f1c80000,0x00000000f8df91e8,0x00000000f8e00000)
  to   space 116224K, 0% used [0x00000000f8e80000,0x00000000f8e80000,0x0000000100000000)
 ParOldGen       total 388096K, used 261902K [0x00000000c0000000, 0x00000000d7b00000, 0x00000000eab00000)
  object space 388096K, 67% used [0x00000000c0000000,0x00000000cffc3818,0x00000000d7b00000)
 Metaspace       used 6535K, capacity 7256K, committed 7424K, reserved 1056768K
  class space    used 626K, capacity 656K, committed 768K, reserved 1048576K
}

