# JRE version: Java(TM) SE Runtime Environment (8.0_91-b15) (build 1.8.0_91-b15)
# Java VM: Java HotSpot(TM) 64-Bit Server VM (25.91-b15 mixed mode windows-amd64 compressed oops)
Heap:
 PSYoungGen      total 215040K, used 94046K [0x00000000eab00000, 0x0000000100000000, 0x0000000100000000)
  eden space 130048K, 6% used [0x00000000eab00000,0x00000000eb3da350,0x00000000f2a00000)
  from space 84992K, 99% used [0x00000000f2a00000,0x00000000f7cfd650,0x00000000f7d00000)
  to   space 111104K, 0% used [0x00000000f9380000,0x00000000f9380000,0x0000000100000000)
 ParOldGen       total 202240K, used 143740K [0x00000000c0000000, 0x00000000cc580000, 0x00000000eab00000)
  object space 202240K, 71% used [0x00000000c0000000,0x00000000c8c5f2e0,0x00000000cc580000)
 Metaspace       used 6403K, capacity 7192K, committed 7424K, reserved 1056768K
  class space    used 623K, capacity 656K, committed 768K, reserved 1048576K
GC Heap History (10 events):
Event: 20.759 GC heap before
{Heap before GC invocations=7 (full 1):
 PSYoungGen      total 129536K, used 13308K [0x00000000eab00000, 0x00000000f6200000, 0x0000000100000000)
  eden space 116224K, 0% used [0x00000000eab00000,0x00000000eab00000,0x00000000f1c80000)
  from space 13312K, 99% used [0x00000000f3800000,0x00000000f44ff018,0x00000000f4500000)
  to   space 28160K, 0% used [0x00000000f1c80000,0x00000000f1c80000,0x00000000f3800000)
 ParOldGen       total 44032K, used 43768K [0x00000000c0000000, 0x00000000c2b00000, 0x00000000eab00000)
  object space 44032K, 99% used [0x00000000c0000000,0x00000000c2abe108,0x00000000c2b00000)
 Metaspace       used 6393K, capacity 7128K, committed 7424K, reserved 1056768K
  class space    used 622K, capacity 656K, committed 768K, reserved 1048576K
Event: 24.281 GC heap after
Heap after GC invocations=7 (full 1):
 PSYoungGen      total 129536K, used 10685K [0x00000000eab00000, 0x00000000f6200000, 0x0000000100000000)
  eden space 116224K, 0% used [0x00000000eab00000,0x00000000eab00000,0x00000000f1c80000)
  from space 13312K, 80% used [0x00000000f3800000,0x00000000f426f490,0x00000000f4500000)
  to   space 28160K, 0% used [0x00000000f1c80000,0x00000000f1c80000,0x00000000f3800000)
 ParOldGen       total 90624K, used 43550K [0x00000000c0000000, 0x00000000c5880000, 0x00000000eab00000)
  object space 90624K, 48% used [0x00000000c0000000,0x00000000c2a879e8,0x00000000c5880000)
 Metaspace       used 6393K, capacity 7128K, committed 7424K, reserved 1056768K
  class space    used 622K, capacity 656K, committed 768K, reserved 1048576K
}
Event: 24.419 GC heap before
{Heap before GC invocations=8 (full 1):
 PSYoungGen      total 129536K, used 126909K [0x00000000eab00000, 0x00000000f6200000, 0x0000000100000000)
  eden space 116224K, 100% used [0x00000000eab00000,0x00000000f1c80000,0x00000000f1c80000)
  from space 13312K, 80% used [0x00000000f3800000,0x00000000f426f490,0x00000000f4500000)
  to   space 28160K, 0% used [0x00000000f1c80000,0x00000000f1c80000,0x00000000f3800000)
 ParOldGen       total 90624K, used 43550K [0x00000000c0000000, 0x00000000c5880000, 0x00000000eab00000)
  object space 90624K, 48% used [0x00000000c0000000,0x00000000c2a879e8,0x00000000c5880000)
 Metaspace       used 6393K, capacity 7128K, committed 7424K, reserved 1056768K
  class space    used 622K, capacity 656K, committed 768K, reserved 1048576K
Event: 24.529 GC heap after
Heap after GC invocations=8 (full 1):
 PSYoungGen      total 144384K, used 28135K [0x00000000eab00000, 0x00000000fc180000, 0x0000000100000000)
  eden space 116224K, 0% used [0x00000000eab00000,0x00000000eab00000,0x00000000f1c80000)
  from space 28160K, 99% used [0x00000000f1c80000,0x00000000f37f9d00,0x00000000f3800000)
  to   space 65536K, 0% used [0x00000000f8180000,0x00000000f8180000,0x00000000fc180000)
 ParOldGen       total 105984K, used 105088K [0x00000000c0000000, 0x00000000c6780000, 0x00000000eab00000)
  object space 105984K, 99% used [0x00000000c0000000,0x00000000c66a0100,0x00000000c6780000)
 Metaspace       used 6393K, capacity 7128K, committed 7424K, reserved 1056768K
  class space    used 622K, capacity 656K, committed 768K, reserved 1048576K
}
Event: 24.529 GC heap before
{Heap before GC invocations=9 (full 2):
 PSYoungGen      total 144384K, used 28135K [0x00000000eab00000, 0x00000000fc180000, 0x0000000100000000)
  eden space 116224K, 0% used [0x00000000eab00000,0x00000000eab00000,0x00000000f1c80000)
  from space 28160K, 99% used [0x00000000f1c80000,0x00000000f37f9d00,0x00000000f3800000)
  to   space 65536K, 0% used [0x00000000f8180000,0x00000000f8180000,0x00000000fc180000)
 ParOldGen       total 105984K, used 105088K [0x00000000c0000000, 0x00000000c6780000, 0x00000000eab00000)
  object space 105984K, 99% used [0x00000000c0000000,0x00000000c66a0100,0x00000000c6780000)
 Metaspace       used 6393K, capacity 7128K, committed 7424K, reserved 1056768K
  class space    used 622K, capacity 656K, committed 768K, reserved 1048576K
Event: 27.611 GC heap after
Heap after GC invocations=9 (full 2):
 PSYoungGen      total 144384K, used 20363K [0x00000000eab00000, 0x00000000fc180000, 0x0000000100000000)
  eden space 116224K, 0% used [0x00000000eab00000,0x00000000eab00000,0x00000000f1c80000)
  from space 28160K, 72% used [0x00000000f1c80000,0x00000000f3062e58,0x00000000f3800000)
  to   space 65536K, 0% used [0x00000000f8180000,0x00000000f8180000,0x00000000fc180000)
 ParOldGen       total 202240K, used 105533K [0x00000000c0000000, 0x00000000cc580000, 0x00000000eab00000)
  object space 202240K, 52% used [0x00000000c0000000,0x00000000c670f4b0,0x00000000cc580000)
 Metaspace       used 6393K, capacity 7128K, committed 7424K, reserved 1056768K
  class space    used 622K, capacity 656K, committed 768K, reserved 1048576K
}
Event: 27.878 GC heap before
{Heap before GC invocations=10 (full 2):
 PSYoungGen      total 144384K, used 136587K [0x00000000eab00000, 0x00000000fc180000, 0x0000000100000000)
  eden space 116224K, 100% used [0x00000000eab00000,0x00000000f1c80000,0x00000000f1c80000)
  from space 28160K, 72% used [0x00000000f1c80000,0x00000000f3062e58,0x00000000f3800000)
  to   space 65536K, 0% used [0x00000000f8180000,0x00000000f8180000,0x00000000fc180000)
 ParOldGen       total 202240K, used 105533K [0x00000000c0000000, 0x00000000cc580000, 0x00000000eab00000)
  object space 202240K, 52% used [0x00000000c0000000,0x00000000c670f4b0,0x00000000cc580000)
 Metaspace       used 6393K, capacity 7128K, committed 7424K, reserved 1056768K
  class space    used 622K, capacity 656K, committed 768K, reserved 1048576K
Event: 28.136 GC heap after
Heap after GC invocations=10 (full 2):
 PSYoungGen      total 195584K, used 65510K [0x00000000eab00000, 0x00000000fd000000, 0x0000000100000000)
  eden space 130048K, 0% used [0x00000000eab00000,0x00000000eab00000,0x00000000f2a00000)
  from space 65536K, 99% used [0x00000000f8180000,0x00000000fc179bc8,0x00000000fc180000)
  to   space 84992K, 0% used [0x00000000f2a00000,0x00000000f2a00000,0x00000000f7d00000)
 ParOldGen       total 202240K, used 118818K [0x00000000c0000000, 0x00000000cc580000, 0x00000000eab00000)
  object space 202240K, 58% used [0x00000000c0000000,0x00000000c74089e0,0x00000000cc580000)
 Metaspace       used 6393K, capacity 7128K, committed 7424K, reserved 1056768K
  class space    used 622K, capacity 656K, committed 768K, reserved 1048576K
}
Event: 30.189 GC heap before
{Heap before GC invocations=11 (full 2):
 PSYoungGen      total 195584K, used 195558K [0x00000000eab00000, 0x00000000fd000000, 0x0000000100000000)
  eden space 130048K, 100% used [0x00000000eab00000,0x00000000f2a00000,0x00000000f2a00000)
  from space 65536K, 99% used [0x00000000f8180000,0x00000000fc179bc8,0x00000000fc180000)
  to   space 84992K, 0% used [0x00000000f2a00000,0x00000000f2a00000,0x00000000f7d00000)
 ParOldGen       total 202240K, used 118818K [0x00000000c0000000, 0x00000000cc580000, 0x00000000eab00000)
  object space 202240K, 58% used [0x00000000c0000000,0x00000000c74089e0,0x00000000cc580000)
 Metaspace       used 6403K, capacity 7192K, committed 7424K, reserved 1056768K
  class space    used 623K, capacity 656K, committed 768K, reserved 1048576K
Event: 32.198 GC heap after
Heap after GC invocations=11 (full 2):
 PSYoungGen      total 215040K, used 84981K [0x00000000eab00000, 0x0000000100000000, 0x0000000100000000)
  eden space 130048K, 0% used [0x00000000eab00000,0x00000000eab00000,0x00000000f2a00000)
  from space 84992K, 99% used [0x00000000f2a00000,0x00000000f7cfd650,0x00000000f7d00000)
  to   space 111104K, 0% used [0x00000000f9380000,0x00000000f9380000,0x0000000100000000)
 ParOldGen       total 202240K, used 143740K [0x00000000c0000000, 0x00000000cc580000, 0x00000000eab00000)
  object space 202240K, 71% used [0x00000000c0000000,0x00000000c8c5f2e0,0x00000000cc580000)
 Metaspace       used 6403K, capacity 7192K, committed 7424K, reserved 1056768K
  class space    used 623K, capacity 656K, committed 768K, reserved 1048576K
}

