# JRE version: Java(TM) SE Runtime Environment (8.0_91-b15) (build 1.8.0_91-b15)
# Java VM: Java HotSpot(TM) 64-Bit Server VM (25.91-b15 mixed mode windows-amd64 compressed oops)
Heap:
 PSYoungGen      total 148480K, used 47458K [0x00000000eab00000, 0x00000000fe400000, 0x0000000100000000)
  eden space 128512K, 30% used [0x00000000eab00000,0x00000000ed1771b0,0x00000000f2880000)
  from space 19968K, 40% used [0x00000000f2880000,0x00000000f3061718,0x00000000f3c00000)
  to   space 31744K, 0% used [0x00000000fc500000,0x00000000fc500000,0x00000000fe400000)
 ParOldGen       total 89600K, used 43628K [0x00000000c0000000, 0x00000000c5780000, 0x00000000eab00000)
  object space 89600K, 48% used [0x00000000c0000000,0x00000000c2a9b040,0x00000000c5780000)
 Metaspace       used 6519K, capacity 7224K, committed 7296K, reserved 1056768K
  class space    used 611K, capacity 624K, committed 640K, reserved 1048576K
GC Heap History (10 events):
Event: 4.419 GC heap before
{Heap before GC invocations=4 (full 0):
 PSYoungGen      total 35328K, used 35296K [0x00000000eab00000, 0x00000000ef000000, 0x0000000100000000)
  eden space 32768K, 100% used [0x00000000eab00000,0x00000000ecb00000,0x00000000ecb00000)
  from space 2560K, 98% used [0x00000000ecb00000,0x00000000ecd78010,0x00000000ecd80000)
  to   space 2560K, 0% used [0x00000000eed80000,0x00000000eed80000,0x00000000ef000000)
 ParOldGen       total 44032K, used 7731K [0x00000000c0000000, 0x00000000c2b00000, 0x00000000eab00000)
  object space 44032K, 17% used [0x00000000c0000000,0x00000000c078cf50,0x00000000c2b00000)
 Metaspace       used 6263K, capacity 7090K, committed 7296K, reserved 1056768K
  class space    used 602K, capacity 618K, committed 640K, reserved 1048576K
Event: 4.455 GC heap after
Heap after GC invocations=4 (full 0):
 PSYoungGen      total 68096K, used 2560K [0x00000000eab00000, 0x00000000ef000000, 0x0000000100000000)
  eden space 65536K, 0% used [0x00000000eab00000,0x00000000eab00000,0x00000000eeb00000)
  from space 2560K, 100% used [0x00000000eed80000,0x00000000ef000000,0x00000000ef000000)
  to   space 2560K, 0% used [0x00000000eeb00000,0x00000000eeb00000,0x00000000eed80000)
 ParOldGen       total 44032K, used 12986K [0x00000000c0000000, 0x00000000c2b00000, 0x00000000eab00000)
  object space 44032K, 29% used [0x00000000c0000000,0x00000000c0caea40,0x00000000c2b00000)
 Metaspace       used 6263K, capacity 7090K, committed 7296K, reserved 1056768K
  class space    used 602K, capacity 618K, committed 640K, reserved 1048576K
}
Event: 4.947 GC heap before
{Heap before GC invocations=5 (full 0):
 PSYoungGen      total 68096K, used 68096K [0x00000000eab00000, 0x00000000ef000000, 0x0000000100000000)
  eden space 65536K, 100% used [0x00000000eab00000,0x00000000eeb00000,0x00000000eeb00000)
  from space 2560K, 100% used [0x00000000eed80000,0x00000000ef000000,0x00000000ef000000)
  to   space 2560K, 0% used [0x00000000eeb00000,0x00000000eeb00000,0x00000000eed80000)
 ParOldGen       total 44032K, used 12986K [0x00000000c0000000, 0x00000000c2b00000, 0x00000000eab00000)
  object space 44032K, 29% used [0x00000000c0000000,0x00000000c0caea40,0x00000000c2b00000)
 Metaspace       used 6308K, capacity 7090K, committed 7296K, reserved 1056768K
  class space    used 602K, capacity 618K, committed 640K, reserved 1048576K
Event: 4.977 GC heap after
Heap after GC invocations=5 (full 0):
 PSYoungGen      total 68096K, used 2560K [0x00000000eab00000, 0x00000000f4d00000, 0x0000000100000000)
  eden space 65536K, 0% used [0x00000000eab00000,0x00000000eab00000,0x00000000eeb00000)
  from space 2560K, 100% used [0x00000000eeb00000,0x00000000eed80000,0x00000000eed80000)
  to   space 17408K, 0% used [0x00000000f3c00000,0x00000000f3c00000,0x00000000f4d00000)
 ParOldGen       total 44032K, used 27644K [0x00000000c0000000, 0x00000000c2b00000, 0x00000000eab00000)
  object space 44032K, 62% used [0x00000000c0000000,0x00000000c1aff1c0,0x00000000c2b00000)
 Metaspace       used 6308K, capacity 7090K, committed 7296K, reserved 1056768K
  class space    used 602K, capacity 618K, committed 640K, reserved 1048576K
}
Event: 5.870 GC heap before
{Heap before GC invocations=6 (full 0):
 PSYoungGen      total 68096K, used 68096K [0x00000000eab00000, 0x00000000f4d00000, 0x0000000100000000)
  eden space 65536K, 100% used [0x00000000eab00000,0x00000000eeb00000,0x00000000eeb00000)
  from space 2560K, 100% used [0x00000000eeb00000,0x00000000eed80000,0x00000000eed80000)
  to   space 17408K, 0% used [0x00000000f3c00000,0x00000000f3c00000,0x00000000f4d00000)
 ParOldGen       total 44032K, used 27644K [0x00000000c0000000, 0x00000000c2b00000, 0x00000000eab00000)
  object space 44032K, 62% used [0x00000000c0000000,0x00000000c1aff1c0,0x00000000c2b00000)
 Metaspace       used 6378K, capacity 7154K, committed 7296K, reserved 1056768K
  class space    used 603K, capacity 618K, committed 640K, reserved 1048576K
Event: 6.087 GC heap after
Heap after GC invocations=6 (full 0):
 PSYoungGen      total 145920K, used 15575K [0x00000000eab00000, 0x00000000f5200000, 0x0000000100000000)
  eden space 128512K, 0% used [0x00000000eab00000,0x00000000eab00000,0x00000000f2880000)
  from space 17408K, 89% used [0x00000000f3c00000,0x00000000f4b35c60,0x00000000f4d00000)
  to   space 19968K, 0% used [0x00000000f2880000,0x00000000f2880000,0x00000000f3c00000)
 ParOldGen       total 44032K, used 27644K [0x00000000c0000000, 0x00000000c2b00000, 0x00000000eab00000)
  object space 44032K, 62% used [0x00000000c0000000,0x00000000c1aff1c0,0x00000000c2b00000)
 Metaspace       used 6378K, capacity 7154K, committed 7296K, reserved 1056768K
  class space    used 603K, capacity 618K, committed 640K, reserved 1048576K
}
Event: 9.465 GC heap before
{Heap before GC invocations=7 (full 0):
 PSYoungGen      total 145920K, used 144087K [0x00000000eab00000, 0x00000000f5200000, 0x0000000100000000)
  eden space 128512K, 100% used [0x00000000eab00000,0x00000000f2880000,0x00000000f2880000)
  from space 17408K, 89% used [0x00000000f3c00000,0x00000000f4b35c60,0x00000000f4d00000)
  to   space 19968K, 0% used [0x00000000f2880000,0x00000000f2880000,0x00000000f3c00000)
 ParOldGen       total 44032K, used 27644K [0x00000000c0000000, 0x00000000c2b00000, 0x00000000eab00000)
  object space 44032K, 62% used [0x00000000c0000000,0x00000000c1aff1c0,0x00000000c2b00000)
 Metaspace       used 6422K, capacity 7154K, committed 7296K, reserved 1056768K
  class space    used 604K, capacity 618K, committed 640K, reserved 1048576K
Event: 9.723 GC heap after
Heap after GC invocations=7 (full 0):
 PSYoungGen      total 148480K, used 19943K [0x00000000eab00000, 0x00000000fe400000, 0x0000000100000000)
  eden space 128512K, 0% used [0x00000000eab00000,0x00000000eab00000,0x00000000f2880000)
  from space 19968K, 99% used [0x00000000f2880000,0x00000000f3bf9c70,0x00000000f3c00000)
  to   space 31744K, 0% used [0x00000000fc500000,0x00000000fc500000,0x00000000fe400000)
 ParOldGen       total 44032K, used 43191K [0x00000000c0000000, 0x00000000c2b00000, 0x00000000eab00000)
  object space 44032K, 98% used [0x00000000c0000000,0x00000000c2a2dc58,0x00000000c2b00000)
 Metaspace       used 6422K, capacity 7154K, committed 7296K, reserved 1056768K
  class space    used 604K, capacity 618K, committed 640K, reserved 1048576K
}
Event: 9.723 GC heap before
{Heap before GC invocations=8 (full 1):
 PSYoungGen      total 148480K, used 19943K [0x00000000eab00000, 0x00000000fe400000, 0x0000000100000000)
  eden space 128512K, 0% used [0x00000000eab00000,0x00000000eab00000,0x00000000f2880000)
  from space 19968K, 99% used [0x00000000f2880000,0x00000000f3bf9c70,0x00000000f3c00000)
  to   space 31744K, 0% used [0x00000000fc500000,0x00000000fc500000,0x00000000fe400000)
 ParOldGen       total 44032K, used 43191K [0x00000000c0000000, 0x00000000c2b00000, 0x00000000eab00000)
  object space 44032K, 98% used [0x00000000c0000000,0x00000000c2a2dc58,0x00000000c2b00000)
 Metaspace       used 6422K, capacity 7154K, committed 7296K, reserved 1056768K
  class space    used 604K, capacity 618K, committed 640K, reserved 1048576K
Event: 12.177 GC heap after
Heap after GC invocations=8 (full 1):
 PSYoungGen      total 148480K, used 8069K [0x00000000eab00000, 0x00000000fe400000, 0x0000000100000000)
  eden space 128512K, 0% used [0x00000000eab00000,0x00000000eab00000,0x00000000f2880000)
  from space 19968K, 40% used [0x00000000f2880000,0x00000000f3061718,0x00000000f3c00000)
  to   space 31744K, 0% used [0x00000000fc500000,0x00000000fc500000,0x00000000fe400000)
 ParOldGen       total 89600K, used 43628K [0x00000000c0000000, 0x00000000c5780000, 0x00000000eab00000)
  object space 89600K, 48% used [0x00000000c0000000,0x00000000c2a9b040,0x00000000c5780000)
 Metaspace       used 6422K, capacity 7154K, committed 7296K, reserved 1056768K
  class space    used 604K, capacity 618K, committed 640K, reserved 1048576K
}

